<?xml version="1.0" encoding="UTF-8"?>
<testsuite xmlns:xsi="http://www.w3.org/2001/XMLSchema-instance" xsi:noNamespaceSchemaLocation="https://maven.apache.org/surefire/maven-surefire-plugin/xsd/surefire-test-report-3.0.xsd" version="3.0" name="test.MemberControllerTest" time="0.81" tests="7" errors="0" skipped="0" failures="0">
  <properties>
[...]
</properties>
  <testcase name="testCreateMemberSuccess" classname="test.MemberControllerTest" time="0.566">
    <system-out><![CDATA[Created MemberId = MB-4FB0FA02
]]></system-out>
  </testcase>
  <testcase name="testCreateMemberMissingName" classname="test.MemberControllerTest" time="0.002"/>
  <testcase name="testCreateMemberInvalidPhone" classname="test.MemberControllerTest" time="0.003"/>
  <testcase name="testCreateMemberInvalidEmail" classname="test.MemberControllerTest" time="0.002"/>
  <testcase name="testFindById" classname="test.MemberControllerTest" time="0.069"/>
  <testcase name="testUpdateMember" classname="test.MemberControllerTest" time="0.075"/>
  <testcase name="testDeleteMember" classname="test.MemberControllerTest" time="0.048"/>
</testsuite>